<?xml version="1.0" encoding="UTF-8"?>
<testng-results skipped="0" failed="1" total="4" passed="3">
  <reporter-output>
  </reporter-output>
  <suite name="Suite" duration-ms="15932" started-at="2018-01-22T07:41:38Z" finished-at="2018-01-22T07:41:54Z">
    <groups>
    </groups>
    <test name="Test" duration-ms="15932" started-at="2018-01-22T07:41:38Z" finished-at="2018-01-22T07:41:54Z">
      <class name="com.dixter.test.regression.TestSearchU1">
        <test-method status="PASS" signature="preCondition()[pri:0, instance:com.dixter.test.regression.TestSearchU1@96532d6]" name="preCondition" is-config="true" duration-ms="6000" started-at="2018-01-22T01:41:22Z" finished-at="2018-01-22T01:41:28Z">
          <reporter-output>
          </reporter-output>
        </test-method> <!-- preCondition -->
        <test-method status="FAIL" signature="testSearchjavaTC1()[pri:0, instance:com.dixter.test.regression.TestSearchU1@96532d6]" name="testSearchjavaTC1" duration-ms="252" started-at="2018-01-22T01:41:28Z" finished-at="2018-01-22T01:41:28Z">
          <exception class="org.openqa.selenium.WebDriverException">
            <message>
              <![CDATA[unknown error: Element <input value="Google Search" aria-label="Google Search" name="btnK" type="submit" jsaction="sf.chk"> is not clickable at point (598, 411). Other element would receive the click: <div class="sbqs_c">...</div>
  (Session info: chrome=63.0.3239.132)
  (Driver info: chromedriver=2.33.506120 (e3e53437346286c0bc2d2dc9aa4915ba81d9023f),platform=Windows NT 10.0.15063 x86_64) (WARNING: The server did not provide any stacktrace information)
Command duration or timeout: 96 milliseconds
Build info: version: '3.0.1', revision: '1969d75', time: '2016-10-18 09:49:13 -0700'
System info: host: 'DESKTOP-6AT82SO', ip: '192.168.1.5', os.name: 'Windows 10', os.arch: 'amd64', os.version: '10.0', java.version: '1.8.0_151'
Driver info: org.openqa.selenium.chrome.ChromeDriver
Capabilities [{applicationCacheEnabled=false, rotatable=false, mobileEmulationEnabled=false, networkConnectionEnabled=false, chrome={chromedriverVersion=2.33.506120 (e3e53437346286c0bc2d2dc9aa4915ba81d9023f), userDataDir=C:\Users\sandm\AppData\Local\Temp\scoped_dir5160_15065}, takesHeapSnapshot=true, pageLoadStrategy=normal, databaseEnabled=false, handlesAlerts=true, hasTouchScreen=false, version=63.0.3239.132, platform=XP, browserConnectionEnabled=false, nativeEvents=true, acceptSslCerts=true, locationContextEnabled=true, webStorageEnabled=true, browserName=chrome, takesScreenshot=true, javascriptEnabled=true, cssSelectorsEnabled=true, setWindowRect=true, unexpectedAlertBehaviour=}]
Session ID: a42e5200488a37c672ea476f58f6ce81]]>
            </message>
            <full-stacktrace>
              <![CDATA[org.openqa.selenium.WebDriverException: unknown error: Element <input value="Google Search" aria-label="Google Search" name="btnK" type="submit" jsaction="sf.chk"> is not clickable at point (598, 411). Other element would receive the click: <div class="sbqs_c">...</div>
  (Session info: chrome=63.0.3239.132)
  (Driver info: chromedriver=2.33.506120 (e3e53437346286c0bc2d2dc9aa4915ba81d9023f),platform=Windows NT 10.0.15063 x86_64) (WARNING: The server did not provide any stacktrace information)
Command duration or timeout: 96 milliseconds
Build info: version: '3.0.1', revision: '1969d75', time: '2016-10-18 09:49:13 -0700'
System info: host: 'DESKTOP-6AT82SO', ip: '192.168.1.5', os.name: 'Windows 10', os.arch: 'amd64', os.version: '10.0', java.version: '1.8.0_151'
Driver info: org.openqa.selenium.chrome.ChromeDriver
Capabilities [{applicationCacheEnabled=false, rotatable=false, mobileEmulationEnabled=false, networkConnectionEnabled=false, chrome={chromedriverVersion=2.33.506120 (e3e53437346286c0bc2d2dc9aa4915ba81d9023f), userDataDir=C:\Users\sandm\AppData\Local\Temp\scoped_dir5160_15065}, takesHeapSnapshot=true, pageLoadStrategy=normal, databaseEnabled=false, handlesAlerts=true, hasTouchScreen=false, version=63.0.3239.132, platform=XP, browserConnectionEnabled=false, nativeEvents=true, acceptSslCerts=true, locationContextEnabled=true, webStorageEnabled=true, browserName=chrome, takesScreenshot=true, javascriptEnabled=true, cssSelectorsEnabled=true, setWindowRect=true, unexpectedAlertBehaviour=}]
Session ID: a42e5200488a37c672ea476f58f6ce81
	at sun.reflect.NativeConstructorAccessorImpl.newInstance0(Native Method)
	at sun.reflect.NativeConstructorAccessorImpl.newInstance(Unknown Source)
	at sun.reflect.DelegatingConstructorAccessorImpl.newInstance(Unknown Source)
	at java.lang.reflect.Constructor.newInstance(Unknown Source)
	at org.openqa.selenium.remote.ErrorHandler.createThrowable(ErrorHandler.java:216)
	at org.openqa.selenium.remote.ErrorHandler.throwIfResponseFailed(ErrorHandler.java:168)
	at org.openqa.selenium.remote.RemoteWebDriver.execute(RemoteWebDriver.java:635)
	at org.openqa.selenium.remote.RemoteWebElement.execute(RemoteWebElement.java:274)
	at org.openqa.selenium.remote.RemoteWebElement.click(RemoteWebElement.java:84)
	at com.dixter.test.regression.TestSearchU1.testSearchjavaTC1(TestSearchU1.java:28)
	at sun.reflect.NativeMethodAccessorImpl.invoke0(Native Method)
	at sun.reflect.NativeMethodAccessorImpl.invoke(Unknown Source)
	at sun.reflect.DelegatingMethodAccessorImpl.invoke(Unknown Source)
	at java.lang.reflect.Method.invoke(Unknown Source)
	at org.testng.internal.MethodInvocationHelper.invokeMethod(MethodInvocationHelper.java:80)
	at org.testng.internal.Invoker.invokeMethod(Invoker.java:714)
	at org.testng.internal.Invoker.invokeTestMethod(Invoker.java:901)
	at org.testng.internal.Invoker.invokeTestMethods(Invoker.java:1231)
	at org.testng.internal.TestMethodWorker.invokeTestMethods(TestMethodWorker.java:127)
	at org.testng.internal.TestMethodWorker.run(TestMethodWorker.java:111)
	at org.testng.TestRunner.privateRun(TestRunner.java:767)
	at org.testng.TestRunner.run(TestRunner.java:617)
	at org.testng.SuiteRunner.runTest(SuiteRunner.java:334)
	at org.testng.SuiteRunner.runSequentially(SuiteRunner.java:329)
	at org.testng.SuiteRunner.privateRun(SuiteRunner.java:291)
	at org.testng.SuiteRunner.run(SuiteRunner.java:240)
	at org.testng.SuiteRunnerWorker.runSuite(SuiteRunnerWorker.java:52)
	at org.testng.SuiteRunnerWorker.run(SuiteRunnerWorker.java:86)
	at org.testng.TestNG.runSuitesSequentially(TestNG.java:1198)
	at org.testng.TestNG.runSuitesLocally(TestNG.java:1123)
	at org.testng.TestNG.run(TestNG.java:1031)
	at org.apache.maven.surefire.testng.TestNGExecutor.run(TestNGExecutor.java:295)
	at org.apache.maven.surefire.testng.TestNGXmlTestSuite.execute(TestNGXmlTestSuite.java:84)
	at org.apache.maven.surefire.testng.TestNGProvider.invoke(TestNGProvider.java:90)
	at org.apache.maven.surefire.booter.ForkedBooter.invokeProviderInSameClassLoader(ForkedBooter.java:203)
	at org.apache.maven.surefire.booter.ForkedBooter.runSuitesInProcess(ForkedBooter.java:155)
	at org.apache.maven.surefire.booter.ForkedBooter.main(ForkedBooter.java:103)
]]>
            </full-stacktrace>
          </exception> <!-- org.openqa.selenium.WebDriverException -->
          <reporter-output>
          </reporter-output>
        </test-method> <!-- testSearchjavaTC1 -->
        <test-method status="PASS" signature="postCondition()[pri:0, instance:com.dixter.test.regression.TestSearchU1@96532d6]" name="postCondition" is-config="true" duration-ms="2376" started-at="2018-01-22T01:41:28Z" finished-at="2018-01-22T01:41:30Z">
          <reporter-output>
          </reporter-output>
        </test-method> <!-- postCondition -->
        <test-method status="PASS" signature="preCondition()[pri:0, instance:com.dixter.test.regression.TestSearchU1@96532d6]" name="preCondition" is-config="true" duration-ms="4897" started-at="2018-01-22T01:41:30Z" finished-at="2018-01-22T01:41:35Z">
          <reporter-output>
          </reporter-output>
        </test-method> <!-- preCondition -->
        <test-method status="PASS" signature="testSearchjavafreeTC2()[pri:0, instance:com.dixter.test.regression.TestSearchU1@96532d6]" name="testSearchjavafreeTC2" duration-ms="89" started-at="2018-01-22T01:41:35Z" finished-at="2018-01-22T01:41:35Z">
          <reporter-output>
          </reporter-output>
        </test-method> <!-- testSearchjavafreeTC2 -->
        <test-method status="PASS" signature="postCondition()[pri:0, instance:com.dixter.test.regression.TestSearchU1@96532d6]" name="postCondition" is-config="true" duration-ms="2370" started-at="2018-01-22T01:41:35Z" finished-at="2018-01-22T01:41:38Z">
          <reporter-output>
          </reporter-output>
        </test-method> <!-- postCondition -->
        <test-method status="PASS" signature="preCondition()[pri:0, instance:com.dixter.test.regression.TestSearchU1@96532d6]" name="preCondition" is-config="true" duration-ms="4629" started-at="2018-01-22T01:41:38Z" finished-at="2018-01-22T01:41:42Z">
          <reporter-output>
          </reporter-output>
        </test-method> <!-- preCondition -->
        <test-method status="PASS" signature="testSearchjavaTC1()[pri:0, instance:com.dixter.test.regression.TestSearchU1@96532d6]" name="testSearchjavaTC1" duration-ms="1494" started-at="2018-01-22T01:41:42Z" finished-at="2018-01-22T01:41:44Z">
          <reporter-output>
          </reporter-output>
        </test-method> <!-- testSearchjavaTC1 -->
        <test-method status="PASS" signature="postCondition()[pri:0, instance:com.dixter.test.regression.TestSearchU1@96532d6]" name="postCondition" is-config="true" duration-ms="2360" started-at="2018-01-22T01:41:44Z" finished-at="2018-01-22T01:41:46Z">
          <reporter-output>
          </reporter-output>
        </test-method> <!-- postCondition -->
        <test-method status="PASS" signature="preCondition()[pri:0, instance:com.dixter.test.regression.TestSearchU1@96532d6]" name="preCondition" is-config="true" duration-ms="4965" started-at="2018-01-22T01:41:46Z" finished-at="2018-01-22T01:41:51Z">
          <reporter-output>
          </reporter-output>
        </test-method> <!-- preCondition -->
        <test-method status="PASS" signature="testSearchjavafreeTC2()[pri:0, instance:com.dixter.test.regression.TestSearchU1@96532d6]" name="testSearchjavafreeTC2" duration-ms="92" started-at="2018-01-22T01:41:51Z" finished-at="2018-01-22T01:41:51Z">
          <reporter-output>
          </reporter-output>
        </test-method> <!-- testSearchjavafreeTC2 -->
        <test-method status="PASS" signature="postCondition()[pri:0, instance:com.dixter.test.regression.TestSearchU1@96532d6]" name="postCondition" is-config="true" duration-ms="2376" started-at="2018-01-22T01:41:51Z" finished-at="2018-01-22T01:41:54Z">
          <reporter-output>
          </reporter-output>
        </test-method> <!-- postCondition -->
      </class> <!-- com.dixter.test.regression.TestSearchU1 -->
    </test> <!-- Test -->
  </suite> <!-- Suite -->
</testng-results>
